(null)
A 1024 597 12 10
B 456 45 568 111
T 463 62 Layout 12
T 463 77  Name:title 10
L 463 156 70 156 0
T 249 152 pairs 10
T 228 167 LinkedList1 10
L 529 156 568 156 0
T 527 152 groups 10
T 510 167 LinkedList1 10
L 503 186 302 186 0
T 378 182 ndIndex 10
T 346 197 IndexedLinkArray 10
L 539 186 687 186 0
T 599 182 nets 10
T 578 197 Aggregate2 10
L 493 216 324 216 0
T 370 212 newLayerArr 10
T 377 227 LinkArray 10
L 559 216 934 216 0
T 729 212 edges 10
T 708 227 LinkedList1 10
L 473 246 368 246 0
T 403 242 nodes 10
T 382 257 LinkedList1 10
L 549 246 971 246 0
T 729 242 selectArr 10
T 729 257 LinkArray 10
L 483 276 346 276 0
T 400 272 root 10
T 379 287 SingleLink 10
L 513 306 455 306 0
T 456 302 trackArr 10
T 428 317 IndexedLinkArray 10
L 463 156 463 111 0
T 467 122 1 10
L 483 276 483 111 0
T 487 122 1 10
L 503 186 503 111 0
T 507 122 1 10
L 493 216 493 111 0
T 497 122 1 10
L 473 246 473 111 0
T 477 122 1 10
L 513 306 513 111 0
T 517 122 1 10
L 529 156 529 111 0
T 533 122 1 10
L 539 186 539 111 0
T 543 122 1 10
L 549 246 549 111 0
T 553 122 1 10
L 559 216 559 111 0
T 563 122 1 10
L 70 156 70 351 1
T 74 347 * 10
L 346 276 346 351 1
T 350 347 1 10
L 302 186 302 351 0
T 306 347 * 10
L 324 216 324 351 1
T 328 347 * 10
L 368 246 368 351 1
T 372 347 * 10
L 455 306 455 351 0
T 459 347 * 10
L 568 156 568 351 1
T 572 347 * 10
L 687 186 687 351 0
T 691 347 * 10
L 971 246 971 351 1
T 975 347 * 10
L 934 216 934 351 1
T 938 347 * 10
B 11 351 123 417
T 18 368 Pair 12
B 277 351 389 417
T 284 368 Node 12
T 284 383  Name:nodeName 10
B 396 351 508 417
T 403 368 Track 12
B 515 351 627 417
T 522 368 Group 12
B 634 351 746 417
T 641 368 Net 12
B 900 351 1012 417
T 907 368 Edge 12
T 907 383  Name:edgeCode 10
T 907 398  Name:edgeID 10
T 907 413  Name:edgeType 10
L 126 369 274 369 1
T 176 365 inPair1 10
T 165 380 SingleLink 10
T 130 365 1 10
T 263 365 1 10
L 749 369 897 369 0
T 806 365 byNet 10
T 788 380 Aggregate2 10
T 753 365 1 10
T 886 365 * 10
L 126 399 274 399 1
T 176 395 inPair2 10
T 165 410 SingleLink 10
T 130 395 1 10
T 263 395 1 10
L 319 462 263 462 0
T 267 458 members 10
T 253 473 LinkedList1 10
L 334 462 568 462 0
T 427 458 myGroup 10
T 416 473 SingleLink 10
L 289 492 292 492 0
T 259 488 sameLayer 10
T 273 503 Ring1 10
L 307 492 310 492 0
T 284 488 firstTo 10
T 273 503 SingleLink 10
L 705 492 343 492 0
T 493 488 netSource 10
T 489 503 SingleLink 10
L 668 522 352 522 0
T 472 518 netRelation 10
T 475 533 SingleLink 10
L 455 552 985 552 0
T 696 548 byTrack 10
T 685 563 Aggregate2 10
L 361 582 919 582 0
T 616 578 sources 10
T 605 593 Aggregate2 10
L 379 612 963 612 0
T 654 608 trace 10
T 636 623 SingleLink 10
L 370 642 941 642 0
T 631 638 targets 10
T 620 653 Aggregate2 10
L 307 492 307 417 0
T 311 428 1 10
L 310 492 310 417 1
T 314 428 1 10
L 289 492 289 417 0
T 293 428 1 10
L 292 492 292 417 1
T 296 428 1 10
L 319 462 319 417 0
T 323 428 1 10
L 334 462 334 417 0
T 338 428 1 10
L 568 462 568 417 1
T 572 428 1 10
L 705 492 705 417 0
T 709 428 1 10
L 343 492 343 417 1
T 347 428 1 10
L 668 522 668 417 0
T 672 428 1 10
L 352 522 352 417 1
T 356 428 1 10
L 370 642 370 417 0
T 374 428 1 10
L 941 642 941 417 0
T 945 428 * 10
L 361 582 361 417 0
T 365 428 1 10
L 919 582 919 417 0
T 923 428 * 10
L 379 612 379 417 0
T 383 428 1 10
L 963 612 963 417 1
T 967 428 1 10
L 455 552 455 417 0
T 459 428 1 10
L 985 552 985 417 0
T 989 428 * 10
L 263 462 263 687 1
T 267 683 * 10
B 204 687 316 753
T 211 704 Member 12
T 211 719  Name:memberName 10
